<?xml version="1.0" encoding="UTF-8"?>
<testsuite name="TicTacToeTest" tests="1" skipped="0" failures="0" errors="0" timestamp="2019-05-01T17:20:22" hostname="yankes-MS-7816" time="0.389">
  <properties/>
  <testcase name="start" classname="TicTacToeTest" time="0.389"/>
  <system-out><![CDATA[Enter cells: ---------
|   X X |
| O O   |
| O X   |
---------
Enter the coordinates: This cell is occupied! Choose another one!
Enter the coordinates: This cell is occupied! Choose another one!
Enter the coordinates: ---------
| X X X |
| O O   |
| O X   |
---------
Enter cells: Enter cells: ---------
|   X X |
| O O   |
| O X   |
---------
Enter the coordinates: Coordinates should be from 1 to 3!
Enter the coordinates: This cell is occupied! Choose another one!
Enter the coordinates: ---------
| X X X |
| O O   |
| O X   |
---------
Enter cells: Enter cells: ---------
|   X X |
| O O   |
| O X   |
---------
Enter the coordinates: ---------
| X X X |
| O O   |
| O X   |
---------
Enter cells: Enter cells: ---------
|   X X |
| O O   |
| O X   |
---------
Enter the coordinates: Coordinates should be from 1 to 3!
Enter the coordinates: This cell is occupied! Choose another one!
Enter the coordinates: This cell is occupied! Choose another one!
Enter the coordinates: This cell is occupied! Choose another one!
Enter the coordinates: ---------
|   X X |
| O O   |
| O X X |
---------
Enter cells: Enter cells: ---------
|   X X |
| O O   |
| O X   |
---------
Enter the coordinates: This cell is occupied! Choose another one!
Enter the coordinates: This cell is occupied! Choose another one!
Enter the coordinates: ---------
|   X X |
| O O   |
| O X X |
---------
Enter cells: Enter cells: ---------
|   X X |
| O O   |
| O X   |
---------
Enter the coordinates: Coordinates should be from 1 to 3!
Enter the coordinates: This cell is occupied! Choose another one!
Enter the coordinates: ---------
|   X X |
| O O   |
| O X X |
---------
Enter cells: Enter cells: ---------
|   X X |
| O O   |
| O X   |
---------
Enter the coordinates: ---------
|   X X |
| O O   |
| O X X |
---------
Enter cells: Enter cells: ---------
|   X X |
| O O   |
| O X   |
---------
Enter the coordinates: Coordinates should be from 1 to 3!
Enter the coordinates: ---------
|   X X |
| O O X |
| O X   |
---------
Enter cells: Enter cells: ---------
|   X X |
| O O   |
| O X   |
---------
Enter the coordinates: This cell is occupied! Choose another one!
Enter the coordinates: This cell is occupied! Choose another one!
Enter the coordinates: This cell is occupied! Choose another one!
Enter the coordinates: ---------
| X X X |
| O O   |
| O X   |
---------
Enter cells: Enter cells: ---------
|       |
|       |
|       |
---------
Enter the coordinates: Coordinates should be from 1 to 3!
Enter the coordinates: ---------
|       |
|       |
| X     |
---------
Enter cells: Enter cells: ---------
|       |
|       |
|       |
---------
Enter the coordinates: ---------
|       |
| X     |
|       |
---------
Enter cells: Enter cells: ---------
|       |
|       |
|       |
---------
Enter the coordinates: Coordinates should be from 1 to 3!
Enter the coordinates: ---------
| X     |
|       |
|       |
---------
Enter cells: Enter cells: ---------
|       |
|       |
|       |
---------
Enter the coordinates: ---------
|       |
|       |
|   X   |
---------
Enter cells: Enter cells: ---------
|       |
|       |
|       |
---------
Enter the coordinates: Coordinates should be from 1 to 3!
Enter the coordinates: ---------
|       |
|   X   |
|       |
---------
Enter cells: Enter cells: ---------
|       |
|       |
|       |
---------
Enter the coordinates: ---------
|   X   |
|       |
|       |
---------
Enter cells: Enter cells: ---------
|       |
|       |
|       |
---------
Enter the coordinates: Coordinates should be from 1 to 3!
Enter the coordinates: ---------
|       |
|       |
|     X |
---------
Enter cells: Enter cells: ---------
|       |
|       |
|       |
---------
Enter the coordinates: ---------
|       |
|     X |
|       |
---------
Enter cells: Enter cells: ---------
|       |
|       |
|       |
---------
Enter the coordinates: Coordinates should be from 1 to 3!
Enter the coordinates: ---------
|     X |
|       |
|       |
---------
Enter cells: Enter cells: ---------
| X   X |
|   O   |
|       |
---------
Enter the coordinates: ---------
| X   X |
|   O   |
| X     |
---------
Enter cells: Enter cells: ---------
| X   X |
|   O   |
|       |
---------
Enter the coordinates: Coordinates should be from 1 to 3!
Enter the coordinates: ---------
| X   X |
| X O   |
|       |
---------
Enter cells: Enter cells: ---------
| X   X |
|   O   |
|       |
---------
Enter the coordinates: This cell is occupied! Choose another one!
Enter the coordinates: ---------
| X   X |
|   O   |
|   X   |
---------
Enter cells: Enter cells: ---------
| X   X |
|   O   |
|       |
---------
Enter the coordinates: Coordinates should be from 1 to 3!
Enter the coordinates: ---------
| X   X |
|   O   |
|   X   |
---------
Enter cells: Enter cells: ---------
| X   X |
|   O   |
|       |
---------
Enter the coordinates: This cell is occupied! Choose another one!
Enter the coordinates: ---------
| X X X |
|   O   |
|       |
---------
Enter cells: Enter cells: ---------
| X   X |
|   O   |
|       |
---------
Enter the coordinates: Coordinates should be from 1 to 3!
Enter the coordinates: ---------
| X X X |
|   O   |
|       |
---------
Enter cells: Enter cells: ---------
| X   X |
|   O   |
|       |
---------
Enter the coordinates: ---------
| X   X |
|   O   |
|     X |
---------
Enter cells: Enter cells: ---------
| X   X |
|   O   |
|       |
---------
Enter the coordinates: Coordinates should be from 1 to 3!
Enter the coordinates: ---------
| X   X |
|   O X |
|       |
---------
Enter cells: Enter cells: ---------
| X   X |
|   O   |
|       |
---------
Enter the coordinates: This cell is occupied! Choose another one!
Enter the coordinates: ---------
| X   X |
|   O   |
| X     |
---------
]]></system-out>
  <system-err><![CDATA[Start test 1
Start test 2
Start test 3
Start test 4
Start test 5
Start test 6
Start test 7
Start test 8
Start test 9
Start test 10
Start test 11
Start test 12
Start test 13
Start test 14
Start test 15
Start test 16
Start test 17
Start test 18
Start test 19
Start test 20
Start test 21
Start test 22
Start test 23
Start test 24
Start test 25
Start test 26
Start test 27
]]></system-err>
</testsuite>
