<?xml version="1.0" encoding="UTF-8"?>
<testsuite name="TicTacToeTest" tests="1" skipped="0" failures="0" errors="0" timestamp="2019-05-01T17:49:22" hostname="yankes-MS-7816" time="0.215">
  <properties/>
  <testcase name="start" classname="TicTacToeTest" time="0.215"/>
  <system-out><![CDATA[Enter cells: ---------
|   X X |
| O O   |
| O X   |
---------
Making move level "easy"
---------
|   X X |
| O O X |
| O X   |
---------
Enter cells: ---------
|       |
|       |
|       |
---------
Making move level "easy"
---------
|       |
|     X |
|       |
---------
Enter cells: ---------
| X   X |
|   O   |
|       |
---------
Making move level "easy"
---------
| X   X |
|   O X |
|       |
---------
]]></system-out>
  <system-err><![CDATA[Start test 1
Start test 2
Start test 3
]]></system-err>
</testsuite>
